Started GET "/documentation" for ::1 at 2018-08-26 17:43:04 +0800
DEPRECATION WARNING: ActiveRecord::Base.raise_in_transactional_callbacks= is deprecated, has no effect and will be removed without replacement. (called from raise_in_transactional_callbacks= at /Users/apple/.rbenv/versions/2.3.3/lib/ruby/gems/2.3.0/gems/activerecord-5.0.0/lib/active_record/transactions.rb:283)
DEPRECATION WARNING: #original_exception is deprecated. Use #cause instead. (called from initialize at /Users/apple/.rbenv/versions/2.3.3/lib/ruby/gems/2.3.0/gems/better_errors-2.1.1/lib/better_errors/raised_exception.rb:7)
DEPRECATION WARNING: #original_exception is deprecated. Use #cause instead. (called from initialize at /Users/apple/.rbenv/versions/2.3.3/lib/ruby/gems/2.3.0/gems/better_errors-2.1.1/lib/better_errors/raised_exception.rb:8)

PG::ConnectionBad - FATAL:  role "pguser" does not exist
:
  activerecord (5.0.0) lib/active_record/connection_adapters/postgresql_adapter.rb:671:in `initialize'
  activerecord (5.0.0) lib/active_record/connection_adapters/postgresql_adapter.rb:671:in `new'
  activerecord (5.0.0) lib/active_record/connection_adapters/postgresql_adapter.rb:671:in `connect'
  activerecord (5.0.0) lib/active_record/connection_adapters/postgresql_adapter.rb:217:in `initialize'
  activerecord (5.0.0) lib/active_record/connection_adapters/postgresql_adapter.rb:37:in `new'
  activerecord (5.0.0) lib/active_record/connection_adapters/postgresql_adapter.rb:37:in `postgresql_connection'
  activerecord (5.0.0) lib/active_record/connection_adapters/abstract/connection_pool.rb:721:in `new_connection'
  activerecord (5.0.0) lib/active_record/connection_adapters/abstract/connection_pool.rb:765:in `checkout_new_connection'
  activerecord (5.0.0) lib/active_record/connection_adapters/abstract/connection_pool.rb:744:in `try_to_checkout_new_connection'
  activerecord (5.0.0) lib/active_record/connection_adapters/abstract/connection_pool.rb:705:in `acquire_connection'
  activerecord (5.0.0) lib/active_record/connection_adapters/abstract/connection_pool.rb:501:in `checkout'
  activerecord (5.0.0) lib/active_record/connection_adapters/abstract/connection_pool.rb:364:in `connection'
  activerecord (5.0.0) lib/active_record/connection_adapters/abstract/connection_pool.rb:875:in `retrieve_connection'
  activerecord (5.0.0) lib/active_record/connection_handling.rb:128:in `retrieve_connection'
  activerecord (5.0.0) lib/active_record/connection_handling.rb:91:in `connection'
  activerecord (5.0.0) lib/active_record/migration.rb:558:in `connection'
  activerecord (5.0.0) lib/active_record/migration.rb:545:in `call'
  actionpack (5.0.0) lib/action_dispatch/middleware/callbacks.rb:38:in `block in call'
  activesupport (5.0.0) lib/active_support/callbacks.rb:97:in `__run_callbacks__'
  activesupport (5.0.0) lib/active_support/callbacks.rb:750:in `_run_call_callbacks'
  activesupport (5.0.0) lib/active_support/callbacks.rb:90:in `run_callbacks'
  actionpack (5.0.0) lib/action_dispatch/middleware/callbacks.rb:36:in `call'
  actionpack (5.0.0) lib/action_dispatch/middleware/executor.rb:12:in `call'
  actionpack (5.0.0) lib/action_dispatch/middleware/remote_ip.rb:79:in `call'
  better_errors (2.1.1) lib/better_errors/middleware.rb:84:in `protected_app_call'
  better_errors (2.1.1) lib/better_errors/middleware.rb:79:in `better_errors_call'
  better_errors (2.1.1) lib/better_errors/middleware.rb:57:in `call'
  actionpack (5.0.0) lib/action_dispatch/middleware/debug_exceptions.rb:49:in `call'
  web-console (3.3.1) lib/web_console/middleware.rb:131:in `call_app'
  web-console (3.3.1) lib/web_console/middleware.rb:28:in `block in call'
  web-console (3.3.1) lib/web_console/middleware.rb:18:in `catch'
  web-console (3.3.1) lib/web_console/middleware.rb:18:in `call'
  actionpack (5.0.0) lib/action_dispatch/middleware/show_exceptions.rb:31:in `call'
  railties (5.0.0) lib/rails/rack/logger.rb:36:in `call_app'
  railties (5.0.0) lib/rails/rack/logger.rb:24:in `block in call'
  activesupport (5.0.0) lib/active_support/tagged_logging.rb:70:in `block in tagged'
  activesupport (5.0.0) lib/active_support/tagged_logging.rb:26:in `tagged'
  activesupport (5.0.0) lib/active_support/tagged_logging.rb:70:in `tagged'
  railties (5.0.0) lib/rails/rack/logger.rb:24:in `call'
  actionpack (5.0.0) lib/action_dispatch/middleware/request_id.rb:24:in `call'
  rack (2.0.1) lib/rack/method_override.rb:22:in `call'
  rack (2.0.1) lib/rack/runtime.rb:22:in `call'
  activesupport (5.0.0) lib/active_support/cache/strategy/local_cache_middleware.rb:28:in `call'
  actionpack (5.0.0) lib/action_dispatch/middleware/executor.rb:12:in `call'
  actionpack (5.0.0) lib/action_dispatch/middleware/static.rb:136:in `call'
  rack (2.0.1) lib/rack/sendfile.rb:111:in `call'
  railties (5.0.0) lib/rails/engine.rb:522:in `call'
  puma (3.4.0) lib/puma/configuration.rb:224:in `call'
  puma (3.4.0) lib/puma/server.rb:569:in `handle_request'
  puma (3.4.0) lib/puma/server.rb:406:in `process_client'
  puma (3.4.0) lib/puma/server.rb:271:in `block in run'
  puma (3.4.0) lib/puma/thread_pool.rb:114:in `block in spawn_thread'

DEPRECATION WARNING: ActiveRecord::Base.raise_in_transactional_callbacks= is deprecated, has no effect and will be removed without replacement. (called from require at /Users/apple/bowling_score_api/bin/rails:9)
  [1m[35m (6.1ms)[0m  [1m[34mSELECT pg_try_advisory_lock(7832531787896958555);[0m
  [1m[36mActiveRecord::SchemaMigration Load (25.3ms)[0m  [1m[34mSELECT "schema_migrations".* FROM "schema_migrations"[0m
Migrating to CreateInformation (20160906075822)
  [1m[35m (0.2ms)[0m  [1m[35mBEGIN[0m
  [1m[35m (50.8ms)[0m  [1m[35mCREATE TABLE "information" ("id" serial primary key, "url" character varying, "content" text, "created_at" timestamp NOT NULL, "updated_at" timestamp NOT NULL)[0m
  [1m[35mSQL (28.6ms)[0m  [1m[32mINSERT INTO "schema_migrations" ("version") VALUES ($1) RETURNING "version"[0m  [["version", "20160906075822"]]
  [1m[35m (2.4ms)[0m  [1m[35mCOMMIT[0m
  [1m[36mActiveRecord::InternalMetadata Load (3.5ms)[0m  [1m[34mSELECT  "ar_internal_metadata".* FROM "ar_internal_metadata" WHERE "ar_internal_metadata"."key" = $1 LIMIT $2[0m  [["key", :environment], ["LIMIT", 1]]
  [1m[35m (0.2ms)[0m  [1m[35mBEGIN[0m
  [1m[35mSQL (1.9ms)[0m  [1m[32mINSERT INTO "ar_internal_metadata" ("key", "value", "created_at", "updated_at") VALUES ($1, $2, $3, $4) RETURNING "key"[0m  [["key", "environment"], ["value", "development"], ["created_at", 2018-08-26 09:49:55 UTC], ["updated_at", 2018-08-26 09:49:55 UTC]]
  [1m[35m (1.2ms)[0m  [1m[35mCOMMIT[0m
  [1m[35m (0.3ms)[0m  [1m[34mSELECT pg_advisory_unlock(7832531787896958555)[0m
  [1m[36mActiveRecord::SchemaMigration Load (0.4ms)[0m  [1m[34mSELECT "schema_migrations".* FROM "schema_migrations"[0m
  [1m[35m (5.0ms)[0m  [1m[34mSELECT t2.oid::regclass::text AS to_table, a1.attname AS column, a2.attname AS primary_key, c.conname AS name, c.confupdtype AS on_update, c.confdeltype AS on_delete
FROM pg_constraint c
JOIN pg_class t1 ON c.conrelid = t1.oid
JOIN pg_class t2 ON c.confrelid = t2.oid
JOIN pg_attribute a1 ON a1.attnum = c.conkey[1] AND a1.attrelid = t1.oid
JOIN pg_attribute a2 ON a2.attnum = c.confkey[1] AND a2.attrelid = t2.oid
JOIN pg_namespace t3 ON c.connamespace = t3.oid
WHERE c.contype = 'f'
  AND t1.relname = 'admins'
  AND t3.nspname = ANY (current_schemas(false))
ORDER BY c.conname
[0m
  [1m[35m (2.7ms)[0m  [1m[34mSELECT t2.oid::regclass::text AS to_table, a1.attname AS column, a2.attname AS primary_key, c.conname AS name, c.confupdtype AS on_update, c.confdeltype AS on_delete
FROM pg_constraint c
JOIN pg_class t1 ON c.conrelid = t1.oid
JOIN pg_class t2 ON c.confrelid = t2.oid
JOIN pg_attribute a1 ON a1.attnum = c.conkey[1] AND a1.attrelid = t1.oid
JOIN pg_attribute a2 ON a2.attnum = c.confkey[1] AND a2.attrelid = t2.oid
JOIN pg_namespace t3 ON c.connamespace = t3.oid
WHERE c.contype = 'f'
  AND t1.relname = 'balances'
  AND t3.nspname = ANY (current_schemas(false))
ORDER BY c.conname
[0m
  [1m[35m (1.8ms)[0m  [1m[34mSELECT t2.oid::regclass::text AS to_table, a1.attname AS column, a2.attname AS primary_key, c.conname AS name, c.confupdtype AS on_update, c.confdeltype AS on_delete
FROM pg_constraint c
JOIN pg_class t1 ON c.conrelid = t1.oid
JOIN pg_class t2 ON c.confrelid = t2.oid
JOIN pg_attribute a1 ON a1.attnum = c.conkey[1] AND a1.attrelid = t1.oid
JOIN pg_attribute a2 ON a2.attnum = c.confkey[1] AND a2.attrelid = t2.oid
JOIN pg_namespace t3 ON c.connamespace = t3.oid
WHERE c.contype = 'f'
  AND t1.relname = 'information'
  AND t3.nspname = ANY (current_schemas(false))
ORDER BY c.conname
[0m
  [1m[35m (2.2ms)[0m  [1m[34mSELECT t2.oid::regclass::text AS to_table, a1.attname AS column, a2.attname AS primary_key, c.conname AS name, c.confupdtype AS on_update, c.confdeltype AS on_delete
FROM pg_constraint c
JOIN pg_class t1 ON c.conrelid = t1.oid
JOIN pg_class t2 ON c.confrelid = t2.oid
JOIN pg_attribute a1 ON a1.attnum = c.conkey[1] AND a1.attrelid = t1.oid
JOIN pg_attribute a2 ON a2.attnum = c.confkey[1] AND a2.attrelid = t2.oid
JOIN pg_namespace t3 ON c.connamespace = t3.oid
WHERE c.contype = 'f'
  AND t1.relname = 'oauth_access_grants'
  AND t3.nspname = ANY (current_schemas(false))
ORDER BY c.conname
[0m
  [1m[35m (2.1ms)[0m  [1m[34mSELECT t2.oid::regclass::text AS to_table, a1.attname AS column, a2.attname AS primary_key, c.conname AS name, c.confupdtype AS on_update, c.confdeltype AS on_delete
FROM pg_constraint c
JOIN pg_class t1 ON c.conrelid = t1.oid
JOIN pg_class t2 ON c.confrelid = t2.oid
JOIN pg_attribute a1 ON a1.attnum = c.conkey[1] AND a1.attrelid = t1.oid
JOIN pg_attribute a2 ON a2.attnum = c.confkey[1] AND a2.attrelid = t2.oid
JOIN pg_namespace t3 ON c.connamespace = t3.oid
WHERE c.contype = 'f'
  AND t1.relname = 'oauth_access_tokens'
  AND t3.nspname = ANY (current_schemas(false))
ORDER BY c.conname
[0m
  [1m[35m (1.7ms)[0m  [1m[34mSELECT t2.oid::regclass::text AS to_table, a1.attname AS column, a2.attname AS primary_key, c.conname AS name, c.confupdtype AS on_update, c.confdeltype AS on_delete
FROM pg_constraint c
JOIN pg_class t1 ON c.conrelid = t1.oid
JOIN pg_class t2 ON c.confrelid = t2.oid
JOIN pg_attribute a1 ON a1.attnum = c.conkey[1] AND a1.attrelid = t1.oid
JOIN pg_attribute a2 ON a2.attnum = c.confkey[1] AND a2.attrelid = t2.oid
JOIN pg_namespace t3 ON c.connamespace = t3.oid
WHERE c.contype = 'f'
  AND t1.relname = 'oauth_applications'
  AND t3.nspname = ANY (current_schemas(false))
ORDER BY c.conname
[0m
  [1m[35m (1.8ms)[0m  [1m[34mSELECT t2.oid::regclass::text AS to_table, a1.attname AS column, a2.attname AS primary_key, c.conname AS name, c.confupdtype AS on_update, c.confdeltype AS on_delete
FROM pg_constraint c
JOIN pg_class t1 ON c.conrelid = t1.oid
JOIN pg_class t2 ON c.confrelid = t2.oid
JOIN pg_attribute a1 ON a1.attnum = c.conkey[1] AND a1.attrelid = t1.oid
JOIN pg_attribute a2 ON a2.attnum = c.confkey[1] AND a2.attrelid = t2.oid
JOIN pg_namespace t3 ON c.connamespace = t3.oid
WHERE c.contype = 'f'
  AND t1.relname = 'transactions'
  AND t3.nspname = ANY (current_schemas(false))
ORDER BY c.conname
[0m
  [1m[35m (2.7ms)[0m  [1m[34mSELECT t2.oid::regclass::text AS to_table, a1.attname AS column, a2.attname AS primary_key, c.conname AS name, c.confupdtype AS on_update, c.confdeltype AS on_delete
FROM pg_constraint c
JOIN pg_class t1 ON c.conrelid = t1.oid
JOIN pg_class t2 ON c.confrelid = t2.oid
JOIN pg_attribute a1 ON a1.attnum = c.conkey[1] AND a1.attrelid = t1.oid
JOIN pg_attribute a2 ON a2.attnum = c.confkey[1] AND a2.attrelid = t2.oid
JOIN pg_namespace t3 ON c.connamespace = t3.oid
WHERE c.contype = 'f'
  AND t1.relname = 'users'
  AND t3.nspname = ANY (current_schemas(false))
ORDER BY c.conname
[0m
Started GET "/documentation" for ::1 at 2018-08-26 17:50:30 +0800
DEPRECATION WARNING: ActiveRecord::Base.raise_in_transactional_callbacks= is deprecated, has no effect and will be removed without replacement. (called from raise_in_transactional_callbacks= at /Users/apple/.rbenv/versions/2.3.3/lib/ruby/gems/2.3.0/gems/activerecord-5.0.0/lib/active_record/transactions.rb:283)
  [1m[36mActiveRecord::SchemaMigration Load (0.5ms)[0m  [1m[34mSELECT "schema_migrations".* FROM "schema_migrations"[0m
DEPRECATION WARNING: before_filter is deprecated and will be removed in Rails 5.1. Use before_action instead. (called from block (2 levels) in <module:ClassMethods> at /Users/apple/.rbenv/versions/2.3.3/lib/ruby/gems/2.3.0/gems/actionpack-5.0.0/lib/abstract_controller/callbacks.rb:191)
Processing by GrapeSwaggerRails::ApplicationController#index as HTML
  Rendering /Users/apple/.rbenv/versions/2.3.3/lib/ruby/gems/2.3.0/gems/grape-swagger-rails-0.2.1/app/views/grape_swagger_rails/application/index.html.erb
  Rendered /Users/apple/.rbenv/versions/2.3.3/lib/ruby/gems/2.3.0/gems/grape-swagger-rails-0.2.1/app/views/grape_swagger_rails/application/index.html.erb (994.4ms)
Completed 200 OK in 1039ms (Views: 1021.1ms | ActiveRecord: 0.0ms)


Started GET "/assets/grape_swagger_rails/application.self-6768baecc7660d572236fe9189778738ff2e866ddf517e508f842299345dcc4b.css?body=1" for ::1 at 2018-08-26 17:50:32 +0800
Started GET "/assets/grape_swagger_rails/jquery.ba-bbq.min.self-f391dd8d2de96e7f0e2715386a66529e16fa871e7ce872a90f0eafccd14387bf.js?body=1" for ::1 at 2018-08-26 17:50:32 +0800
Started GET "/assets/grape_swagger_rails/handlebars-2.0.0.self-577cc5c45bb652f41ed7260b9f2f2bb21df8b9b4820246b773beafbcb74e05c2.js?body=1" for ::1 at 2018-08-26 17:50:32 +0800
Started GET "/assets/grape_swagger_rails/jquery-1.8.0.min.self-e3c535f8b50572951d46f12095db2cdfceca8a39d2c9998d2029ffa7b80e94da.js?body=1" for ::1 at 2018-08-26 17:50:32 +0800
Started GET "/assets/grape_swagger_rails/marked.self-5b2fa3db4ac5ac253e64dd982bb46394fea2a3d4a7748e649fc36c9516cb1319.js?body=1" for ::1 at 2018-08-26 17:50:32 +0800
Started GET "/assets/grape_swagger_rails/lodash.min.self-1b664af2fc41fbe5fd7df49a00ad4728d94c9065e256fb90b528230306a0dd9d.js?body=1" for ::1 at 2018-08-26 17:50:32 +0800
Started GET "/assets/grape_swagger_rails/backbone-min.self-f93750e57d169b7bf3efac8f4b0facaeac96461f62d88e96f2c604f693291e3a.js?body=1" for ::1 at 2018-08-26 17:50:32 +0800
Started GET "/assets/grape_swagger_rails/highlight.9.1.0.pack.self-4978eb1b0ce41ff2ae70f466d29ae69607843f65539f76dc8ce0359c9361558e.js?body=1" for ::1 at 2018-08-26 17:50:32 +0800
Started GET "/assets/grape_swagger_rails/swagger-ui.min.self-8d0dc67c34de532b4ca434f91c1f88c5c22919e0cda4ef74e259d220902766ea.js?body=1" for ::1 at 2018-08-26 17:50:32 +0800
Started GET "/assets/grape_swagger_rails/jsoneditor.min.self-b4b968ff7cedda04ebc84b7c1f37f559ca6ed3139fd77d02b359cb89f3312acc.js?body=1" for ::1 at 2018-08-26 17:50:32 +0800
Started GET "/assets/grape_swagger_rails/js-yaml.min.self-9127b459b7884af489ef3c8be2cbbea2473b65fff357b5d8b2053e8da7b79b67.js?body=1" for ::1 at 2018-08-26 17:50:32 +0800
Started GET "/assets/grape_swagger_rails/jquery.slideto.min.self-4ac55a3315abf9efaddf5c91723409a73e4b3c1b070199a1cd2e1f20db687e48.js?body=1" for ::1 at 2018-08-26 17:50:32 +0800
Started GET "/assets/grape_swagger_rails/jquery.wiggle.min.self-039164bf6151e8f188c754158b768f9c6c443d0b14126bec33eb509542058465.js?body=1" for ::1 at 2018-08-26 17:50:32 +0800
Started GET "/assets/grape_swagger_rails/object-assign-pollyfill.self-256d4e60d3c9ddaa7b5b7b98ed858e69440c4f42588e44e3cc6e6e3917bacd9c.js?body=1" for ::1 at 2018-08-26 17:50:32 +0800
Started GET "/assets/grape_swagger_rails/base64.self-f235cc5e74cc23ea2e62688b0892118b7ce972464eb21d147f432d6bd96af3f4.js?body=1" for ::1 at 2018-08-26 17:50:32 +0800
Started GET "/assets/grape_swagger_rails/swagger-oauth.self-cbc2328baca4980546c6cc7cbebf630a3423cf577bfe7ded9c1d21b9166352b9.js?body=1" for ::1 at 2018-08-26 17:50:32 +0800
Started GET "/assets/grape_swagger_rails/application.self-886760af898381620a8980841c646ae70e894b5292c3138e6dfd75b6904deffb.js?body=1" for ::1 at 2018-08-26 17:50:32 +0800
Started GET "/assets/grape_swagger_rails/reset.self-24ac87cae6630f82c87b49d3f702ff2506240011a3fabd03befad0521945d839.css?body=1" for ::1 at 2018-08-26 17:50:32 +0800
Started GET "/assets/grape_swagger_rails/screen.self-00ff7982f69e4a7adb9a6f3072a589d7e1b3ab63e1dffdeeaaa4b83a7c1bbefb.css?body=1" for ::1 at 2018-08-26 17:50:33 +0800
Started GET "/api/v1/swagger_doc" for ::1 at 2018-08-26 17:50:33 +0800
DEPRECATION WARNING: ActiveRecord::Base.raise_in_transactional_callbacks= is deprecated, has no effect and will be removed without replacement. (called from raise_in_transactional_callbacks= at /Users/apple/.rbenv/versions/2.3.3/lib/ruby/gems/2.3.0/gems/activerecord-5.0.0/lib/active_record/transactions.rb:283)
DEPRECATION WARNING: ActiveRecord::Base.raise_in_transactional_callbacks= is deprecated, has no effect and will be removed without replacement. (called from <top (required)> at /Users/apple/bowling_score_api/config/environment.rb:5)
DEPRECATION WARNING: ActiveRecord::Base.raise_in_transactional_callbacks= is deprecated, has no effect and will be removed without replacement. (called from <top (required)> at /Users/apple/bowling_score_api/config/environment.rb:5)
  [1m[36mActiveRecord::SchemaMigration Load (1.7ms)[0m  [1m[34mSELECT "schema_migrations".* FROM "schema_migrations"[0m
  [1m[35m (0.4ms)[0m  [1m[34mSELECT "ar_internal_metadata"."value" FROM "ar_internal_metadata" WHERE "ar_internal_metadata"."key" = $1[0m  [["key", :environment]]
  [1m[36mActiveRecord::SchemaMigration Load (0.4ms)[0m  [1m[34mSELECT "schema_migrations".* FROM "schema_migrations"[0m
  [1m[35m (0.3ms)[0m  [1m[34mSELECT "ar_internal_metadata"."value" FROM "ar_internal_metadata" WHERE "ar_internal_metadata"."key" = $1[0m  [["key", :environment]]
  [1m[36mActiveRecord::SchemaMigration Load (0.2ms)[0m  [1m[34mSELECT "schema_migrations".* FROM "schema_migrations"[0m
  [1m[35m (0.3ms)[0m  [1m[34mSELECT "ar_internal_metadata"."value" FROM "ar_internal_metadata" WHERE "ar_internal_metadata"."key" = $1[0m  [["key", :environment]]
  [1m[35m (8696.8ms)[0m  [1m[35mDROP DATABASE IF EXISTS "restfull_development"[0m
DEPRECATION WARNING: ActiveRecord::Base.raise_in_transactional_callbacks= is deprecated, has no effect and will be removed without replacement. (called from <top (required)> at /Users/apple/bowling_score_api/config/environment.rb:5)
  [1m[36mActiveRecord::SchemaMigration Load (0.8ms)[0m  [1m[34mSELECT "schema_migrations".* FROM "schema_migrations"[0m
  [1m[35m (0.4ms)[0m  [1m[34mSELECT "ar_internal_metadata"."value" FROM "ar_internal_metadata" WHERE "ar_internal_metadata"."key" = $1[0m  [["key", :environment]]
  [1m[36mActiveRecord::SchemaMigration Load (0.3ms)[0m  [1m[34mSELECT "schema_migrations".* FROM "schema_migrations"[0m
  [1m[35m (0.9ms)[0m  [1m[34mSELECT "ar_internal_metadata"."value" FROM "ar_internal_metadata" WHERE "ar_internal_metadata"."key" = $1[0m  [["key", :environment]]
  [1m[36mActiveRecord::SchemaMigration Load (0.2ms)[0m  [1m[34mSELECT "schema_migrations".* FROM "schema_migrations"[0m
  [1m[35m (0.3ms)[0m  [1m[34mSELECT "ar_internal_metadata"."value" FROM "ar_internal_metadata" WHERE "ar_internal_metadata"."key" = $1[0m  [["key", :environment]]
  [1m[35m (290.3ms)[0m  [1m[35mDROP DATABASE IF EXISTS "restfull_development"[0m
  [1m[35m (253.2ms)[0m  [1m[35mDROP DATABASE IF EXISTS "restfull_test"[0m
  [1m[35m (619.9ms)[0m  [1m[35mCREATE DATABASE "restfull_development" ENCODING = 'unicode'[0m
  [1m[35m (553.7ms)[0m  [1m[35mCREATE DATABASE "restfull_test" ENCODING = 'unicode'[0m
  [1m[35mSQL (2.5ms)[0m  [1m[35mCREATE EXTENSION IF NOT EXISTS "plpgsql"[0m
  [1m[35m (39.1ms)[0m  [1m[35mCREATE TABLE "admins" ("id" serial primary key, "email" character varying DEFAULT '' NOT NULL, "encrypted_password" character varying DEFAULT '' NOT NULL, "reset_password_token" character varying, "reset_password_sent_at" timestamp, "remember_created_at" timestamp, "sign_in_count" integer DEFAULT 0 NOT NULL, "current_sign_in_at" timestamp, "last_sign_in_at" timestamp, "current_sign_in_ip" inet, "last_sign_in_ip" inet, "created_at" timestamp NOT NULL, "updated_at" timestamp NOT NULL)[0m
  [1m[35m (3.6ms)[0m  [1m[35mCREATE UNIQUE INDEX  "index_admins_on_email" ON "admins" USING btree ("email")[0m
  [1m[35m (2.0ms)[0m  [1m[35mCREATE UNIQUE INDEX  "index_admins_on_reset_password_token" ON "admins" USING btree ("reset_password_token")[0m
  [1m[35m (12.3ms)[0m  [1m[35mCREATE TABLE "balances" ("id" serial primary key, "user_id" integer, "amount" float DEFAULT 0.0, "type" character varying, "created_at" timestamp NOT NULL, "updated_at" timestamp NOT NULL)[0m
  [1m[35m (2.2ms)[0m  [1m[35mCREATE  INDEX  "index_balances_on_user_id" ON "balances" USING btree ("user_id")[0m
  [1m[35m (7.0ms)[0m  [1m[35mCREATE TABLE "information" ("id" serial primary key, "url" character varying, "content" text, "created_at" timestamp NOT NULL, "updated_at" timestamp NOT NULL)[0m
  [1m[35m (7.0ms)[0m  [1m[35mCREATE TABLE "oauth_access_grants" ("id" serial primary key, "resource_owner_id" integer NOT NULL, "application_id" integer NOT NULL, "token" character varying NOT NULL, "expires_in" integer NOT NULL, "redirect_uri" text NOT NULL, "created_at" timestamp NOT NULL, "revoked_at" timestamp, "scopes" character varying)[0m
  [1m[35m (4.0ms)[0m  [1m[35mCREATE  INDEX  "index_oauth_access_grants_on_application_id" ON "oauth_access_grants" USING btree ("application_id")[0m
  [1m[35m (3.9ms)[0m  [1m[35mCREATE UNIQUE INDEX  "index_oauth_access_grants_on_token" ON "oauth_access_grants" USING btree ("token")[0m
  [1m[35m (8.9ms)[0m  [1m[35mCREATE TABLE "oauth_access_tokens" ("id" serial primary key, "resource_owner_id" integer, "application_id" integer, "token" character varying NOT NULL, "refresh_token" character varying, "expires_in" integer, "revoked_at" timestamp, "created_at" timestamp NOT NULL, "scopes" character varying, "previous_refresh_token" character varying DEFAULT '' NOT NULL)[0m
  [1m[35m (2.0ms)[0m  [1m[35mCREATE  INDEX  "index_oauth_access_tokens_on_application_id" ON "oauth_access_tokens" USING btree ("application_id")[0m
  [1m[35m (2.2ms)[0m  [1m[35mCREATE UNIQUE INDEX  "index_oauth_access_tokens_on_refresh_token" ON "oauth_access_tokens" USING btree ("refresh_token")[0m
  [1m[35m (6.4ms)[0m  [1m[35mCREATE  INDEX  "index_oauth_access_tokens_on_resource_owner_id" ON "oauth_access_tokens" USING btree ("resource_owner_id")[0m
  [1m[35m (2.0ms)[0m  [1m[35mCREATE UNIQUE INDEX  "index_oauth_access_tokens_on_token" ON "oauth_access_tokens" USING btree ("token")[0m
  [1m[35m (9.9ms)[0m  [1m[35mCREATE TABLE "oauth_applications" ("id" serial primary key, "name" character varying NOT NULL, "uid" character varying NOT NULL, "secret" character varying NOT NULL, "redirect_uri" text NOT NULL, "scopes" character varying DEFAULT '' NOT NULL, "confidential" boolean DEFAULT 't' NOT NULL, "created_at" timestamp NOT NULL, "updated_at" timestamp NOT NULL)[0m
  [1m[35m (2.0ms)[0m  [1m[35mCREATE UNIQUE INDEX  "index_oauth_applications_on_uid" ON "oauth_applications" USING btree ("uid")[0m
  [1m[35m (8.9ms)[0m  [1m[35mCREATE TABLE "transactions" ("id" serial primary key, "amount" float NOT NULL, "type" integer NOT NULL, "status" integer DEFAULT 0 NOT NULL, "asset" integer NOT NULL, "txref" character varying NOT NULL, "user_id" integer, "created_at" timestamp NOT NULL, "updated_at" timestamp NOT NULL)[0m
  [1m[35m (2.2ms)[0m  [1m[35mCREATE UNIQUE INDEX  "index_transactions_on_txref" ON "transactions" USING btree ("txref")[0m
  [1m[35m (3.5ms)[0m  [1m[35mCREATE  INDEX  "index_transactions_on_user_id" ON "transactions" USING btree ("user_id")[0m
  [1m[35m (7.0ms)[0m  [1m[35mCREATE TABLE "users" ("id" serial primary key, "email" character varying DEFAULT '' NOT NULL, "name" character varying DEFAULT '' NOT NULL, "currency" integer DEFAULT 0 NOT NULL, "encrypted_password" character varying DEFAULT '' NOT NULL, "reset_password_token" character varying, "reset_password_sent_at" timestamp, "remember_created_at" timestamp, "sign_in_count" integer DEFAULT 0 NOT NULL, "current_sign_in_at" timestamp, "last_sign_in_at" timestamp, "current_sign_in_ip" inet, "last_sign_in_ip" inet, "created_at" timestamp NOT NULL, "updated_at" timestamp NOT NULL)[0m
  [1m[35m (9.7ms)[0m  [1m[35mCREATE UNIQUE INDEX  "index_users_on_email" ON "users" USING btree ("email")[0m
  [1m[35m (2.0ms)[0m  [1m[35mCREATE UNIQUE INDEX  "index_users_on_reset_password_token" ON "users" USING btree ("reset_password_token")[0m
  [1m[35m (13.5ms)[0m  [1m[35mALTER TABLE "balances" ADD CONSTRAINT "fk_rails_ddec4bad0c"
FOREIGN KEY ("user_id")
  REFERENCES "users" ("id")
[0m
  [1m[35m (11.1ms)[0m  [1m[35mALTER TABLE "oauth_access_grants" ADD CONSTRAINT "fk_rails_b4b53e07b8"
FOREIGN KEY ("application_id")
  REFERENCES "oauth_applications" ("id")
[0m
  [1m[35m (4.6ms)[0m  [1m[35mALTER TABLE "oauth_access_tokens" ADD CONSTRAINT "fk_rails_732cb83ab7"
FOREIGN KEY ("application_id")
  REFERENCES "oauth_applications" ("id")
[0m
  [1m[35m (2.2ms)[0m  [1m[35mALTER TABLE "transactions" ADD CONSTRAINT "fk_rails_77364e6416"
FOREIGN KEY ("user_id")
  REFERENCES "users" ("id")
[0m
  [1m[35m (10.6ms)[0m  [1m[35mCREATE TABLE "schema_migrations" ("version" character varying PRIMARY KEY)[0m
  [1m[35m (1.7ms)[0m  [1m[34mSELECT version FROM "schema_migrations"[0m
  [1m[35m (1.4ms)[0m  [1m[32mINSERT INTO "schema_migrations" (version) VALUES ('20180804121528')[0m
  [1m[35m (6.1ms)[0m  [1m[35mCREATE TABLE "ar_internal_metadata" ("key" character varying PRIMARY KEY, "value" character varying, "created_at" timestamp NOT NULL, "updated_at" timestamp NOT NULL)[0m
  [1m[36mActiveRecord::InternalMetadata Load (0.4ms)[0m  [1m[34mSELECT  "ar_internal_metadata".* FROM "ar_internal_metadata" WHERE "ar_internal_metadata"."key" = $1 LIMIT $2[0m  [["key", :environment], ["LIMIT", 1]]
  [1m[35m (0.3ms)[0m  [1m[35mBEGIN[0m
  [1m[35mSQL (0.5ms)[0m  [1m[32mINSERT INTO "ar_internal_metadata" ("key", "value", "created_at", "updated_at") VALUES ($1, $2, $3, $4) RETURNING "key"[0m  [["key", "environment"], ["value", "development"], ["created_at", 2018-08-26 10:04:12 UTC], ["updated_at", 2018-08-26 10:04:12 UTC]]
  [1m[35m (1.2ms)[0m  [1m[35mCOMMIT[0m
  [1m[36mActiveRecord::InternalMetadata Load (1.0ms)[0m  [1m[34mSELECT  "ar_internal_metadata".* FROM "ar_internal_metadata" WHERE "ar_internal_metadata"."key" = $1 LIMIT $2[0m  [["key", :environment], ["LIMIT", 1]]
  [1m[35m (0.3ms)[0m  [1m[35mBEGIN[0m
  [1m[35m (0.5ms)[0m  [1m[35mCOMMIT[0m
  [1m[35mSQL (0.4ms)[0m  [1m[35mCREATE EXTENSION IF NOT EXISTS "plpgsql"[0m
  [1m[35m (16.3ms)[0m  [1m[35mCREATE TABLE "admins" ("id" serial primary key, "email" character varying DEFAULT '' NOT NULL, "encrypted_password" character varying DEFAULT '' NOT NULL, "reset_password_token" character varying, "reset_password_sent_at" timestamp, "remember_created_at" timestamp, "sign_in_count" integer DEFAULT 0 NOT NULL, "current_sign_in_at" timestamp, "last_sign_in_at" timestamp, "current_sign_in_ip" inet, "last_sign_in_ip" inet, "created_at" timestamp NOT NULL, "updated_at" timestamp NOT NULL)[0m
  [1m[35m (2.7ms)[0m  [1m[35mCREATE UNIQUE INDEX  "index_admins_on_email" ON "admins" USING btree ("email")[0m
  [1m[35m (2.1ms)[0m  [1m[35mCREATE UNIQUE INDEX  "index_admins_on_reset_password_token" ON "admins" USING btree ("reset_password_token")[0m
  [1m[35m (20.7ms)[0m  [1m[35mCREATE TABLE "balances" ("id" serial primary key, "user_id" integer, "amount" float DEFAULT 0.0, "type" character varying, "created_at" timestamp NOT NULL, "updated_at" timestamp NOT NULL)[0m
  [1m[35m (11.9ms)[0m  [1m[35mCREATE  INDEX  "index_balances_on_user_id" ON "balances" USING btree ("user_id")[0m
  [1m[35m (15.6ms)[0m  [1m[35mCREATE TABLE "information" ("id" serial primary key, "url" character varying, "content" text, "created_at" timestamp NOT NULL, "updated_at" timestamp NOT NULL)[0m
  [1m[35m (16.0ms)[0m  [1m[35mCREATE TABLE "oauth_access_grants" ("id" serial primary key, "resource_owner_id" integer NOT NULL, "application_id" integer NOT NULL, "token" character varying NOT NULL, "expires_in" integer NOT NULL, "redirect_uri" text NOT NULL, "created_at" timestamp NOT NULL, "revoked_at" timestamp, "scopes" character varying)[0m
  [1m[35m (6.1ms)[0m  [1m[35mCREATE  INDEX  "index_oauth_access_grants_on_application_id" ON "oauth_access_grants" USING btree ("application_id")[0m
  [1m[35m (3.6ms)[0m  [1m[35mCREATE UNIQUE INDEX  "index_oauth_access_grants_on_token" ON "oauth_access_grants" USING btree ("token")[0m
  [1m[35m (16.8ms)[0m  [1m[35mCREATE TABLE "oauth_access_tokens" ("id" serial primary key, "resource_owner_id" integer, "application_id" integer, "token" character varying NOT NULL, "refresh_token" character varying, "expires_in" integer, "revoked_at" timestamp, "created_at" timestamp NOT NULL, "scopes" character varying, "previous_refresh_token" character varying DEFAULT '' NOT NULL)[0m
  [1m[35m (2.7ms)[0m  [1m[35mCREATE  INDEX  "index_oauth_access_tokens_on_application_id" ON "oauth_access_tokens" USING btree ("application_id")[0m
  [1m[35m (3.6ms)[0m  [1m[35mCREATE UNIQUE INDEX  "index_oauth_access_tokens_on_refresh_token" ON "oauth_access_tokens" USING btree ("refresh_token")[0m
  [1m[35m (3.5ms)[0m  [1m[35mCREATE  INDEX  "index_oauth_access_tokens_on_resource_owner_id" ON "oauth_access_tokens" USING btree ("resource_owner_id")[0m
  [1m[35m (4.6ms)[0m  [1m[35mCREATE UNIQUE INDEX  "index_oauth_access_tokens_on_token" ON "oauth_access_tokens" USING btree ("token")[0m
  [1m[35m (19.3ms)[0m  [1m[35mCREATE TABLE "oauth_applications" ("id" serial primary key, "name" character varying NOT NULL, "uid" character varying NOT NULL, "secret" character varying NOT NULL, "redirect_uri" text NOT NULL, "scopes" character varying DEFAULT '' NOT NULL, "confidential" boolean DEFAULT 't' NOT NULL, "created_at" timestamp NOT NULL, "updated_at" timestamp NOT NULL)[0m
  [1m[35m (4.1ms)[0m  [1m[35mCREATE UNIQUE INDEX  "index_oauth_applications_on_uid" ON "oauth_applications" USING btree ("uid")[0m
  [1m[35m (18.4ms)[0m  [1m[35mCREATE TABLE "transactions" ("id" serial primary key, "amount" float NOT NULL, "type" integer NOT NULL, "status" integer DEFAULT 0 NOT NULL, "asset" integer NOT NULL, "txref" character varying NOT NULL, "user_id" integer, "created_at" timestamp NOT NULL, "updated_at" timestamp NOT NULL)[0m
  [1m[35m (6.1ms)[0m  [1m[35mCREATE UNIQUE INDEX  "index_transactions_on_txref" ON "transactions" USING btree ("txref")[0m
  [1m[35m (3.5ms)[0m  [1m[35mCREATE  INDEX  "index_transactions_on_user_id" ON "transactions" USING btree ("user_id")[0m
  [1m[35m (22.1ms)[0m  [1m[35mCREATE TABLE "users" ("id" serial primary key, "email" character varying DEFAULT '' NOT NULL, "name" character varying DEFAULT '' NOT NULL, "currency" integer DEFAULT 0 NOT NULL, "encrypted_password" character varying DEFAULT '' NOT NULL, "reset_password_token" character varying, "reset_password_sent_at" timestamp, "remember_created_at" timestamp, "sign_in_count" integer DEFAULT 0 NOT NULL, "current_sign_in_at" timestamp, "last_sign_in_at" timestamp, "current_sign_in_ip" inet, "last_sign_in_ip" inet, "created_at" timestamp NOT NULL, "updated_at" timestamp NOT NULL)[0m
  [1m[35m (3.2ms)[0m  [1m[35mCREATE UNIQUE INDEX  "index_users_on_email" ON "users" USING btree ("email")[0m
  [1m[35m (10.4ms)[0m  [1m[35mCREATE UNIQUE INDEX  "index_users_on_reset_password_token" ON "users" USING btree ("reset_password_token")[0m
  [1m[35m (5.8ms)[0m  [1m[35mALTER TABLE "balances" ADD CONSTRAINT "fk_rails_ddec4bad0c"
FOREIGN KEY ("user_id")
  REFERENCES "users" ("id")
[0m
  [1m[35m (2.6ms)[0m  [1m[35mALTER TABLE "oauth_access_grants" ADD CONSTRAINT "fk_rails_b4b53e07b8"
FOREIGN KEY ("application_id")
  REFERENCES "oauth_applications" ("id")
[0m
  [1m[35m (7.6ms)[0m  [1m[35mALTER TABLE "oauth_access_tokens" ADD CONSTRAINT "fk_rails_732cb83ab7"
FOREIGN KEY ("application_id")
  REFERENCES "oauth_applications" ("id")
[0m
  [1m[35m (3.9ms)[0m  [1m[35mALTER TABLE "transactions" ADD CONSTRAINT "fk_rails_77364e6416"
FOREIGN KEY ("user_id")
  REFERENCES "users" ("id")
[0m
  [1m[35m (10.3ms)[0m  [1m[35mCREATE TABLE "schema_migrations" ("version" character varying PRIMARY KEY)[0m
  [1m[35m (0.5ms)[0m  [1m[34mSELECT version FROM "schema_migrations"[0m
  [1m[35m (1.7ms)[0m  [1m[32mINSERT INTO "schema_migrations" (version) VALUES ('20180804121528')[0m
  [1m[35m (15.6ms)[0m  [1m[35mCREATE TABLE "ar_internal_metadata" ("key" character varying PRIMARY KEY, "value" character varying, "created_at" timestamp NOT NULL, "updated_at" timestamp NOT NULL)[0m
  [1m[36mActiveRecord::InternalMetadata Load (0.4ms)[0m  [1m[34mSELECT  "ar_internal_metadata".* FROM "ar_internal_metadata" WHERE "ar_internal_metadata"."key" = $1 LIMIT $2[0m  [["key", :environment], ["LIMIT", 1]]
  [1m[35m (0.2ms)[0m  [1m[35mBEGIN[0m
  [1m[35mSQL (4.1ms)[0m  [1m[32mINSERT INTO "ar_internal_metadata" ("key", "value", "created_at", "updated_at") VALUES ($1, $2, $3, $4) RETURNING "key"[0m  [["key", "environment"], ["value", "development"], ["created_at", 2018-08-26 10:04:13 UTC], ["updated_at", 2018-08-26 10:04:13 UTC]]
  [1m[35m (1.4ms)[0m  [1m[35mCOMMIT[0m
  [1m[36mActiveRecord::InternalMetadata Load (0.3ms)[0m  [1m[34mSELECT  "ar_internal_metadata".* FROM "ar_internal_metadata" WHERE "ar_internal_metadata"."key" = $1 LIMIT $2[0m  [["key", :environment], ["LIMIT", 1]]
  [1m[35m (0.2ms)[0m  [1m[35mBEGIN[0m
  [1m[35m (0.2ms)[0m  [1m[35mCOMMIT[0m
  [1m[36mActiveRecord::SchemaMigration Load (0.5ms)[0m  [1m[34mSELECT "schema_migrations".* FROM "schema_migrations"[0m
DEPRECATION WARNING: ActiveRecord::Base.raise_in_transactional_callbacks= is deprecated, has no effect and will be removed without replacement. (called from <top (required)> at /Users/apple/bowling_score_api/config/environment.rb:5)
  [1m[36mActiveRecord::SchemaMigration Load (0.5ms)[0m  [1m[34mSELECT "schema_migrations".* FROM "schema_migrations"[0m
  [1m[35m (0.4ms)[0m  [1m[34mSELECT "ar_internal_metadata"."value" FROM "ar_internal_metadata" WHERE "ar_internal_metadata"."key" = $1[0m  [["key", :environment]]
  [1m[36mActiveRecord::SchemaMigration Load (0.3ms)[0m  [1m[34mSELECT "schema_migrations".* FROM "schema_migrations"[0m
  [1m[35m (0.3ms)[0m  [1m[34mSELECT "ar_internal_metadata"."value" FROM "ar_internal_metadata" WHERE "ar_internal_metadata"."key" = $1[0m  [["key", :environment]]
  [1m[36mActiveRecord::SchemaMigration Load (0.3ms)[0m  [1m[34mSELECT "schema_migrations".* FROM "schema_migrations"[0m
  [1m[35m (1.4ms)[0m  [1m[34mSELECT "ar_internal_metadata"."value" FROM "ar_internal_metadata" WHERE "ar_internal_metadata"."key" = $1[0m  [["key", :environment]]
  [1m[35m (240.5ms)[0m  [1m[35mDROP DATABASE IF EXISTS "restfull_development"[0m
  [1m[35m (249.0ms)[0m  [1m[35mDROP DATABASE IF EXISTS "restfull_test"[0m
  [1m[35m (539.8ms)[0m  [1m[35mCREATE DATABASE "restfull_development" ENCODING = 'unicode'[0m
  [1m[35m (543.8ms)[0m  [1m[35mCREATE DATABASE "restfull_test" ENCODING = 'unicode'[0m
  [1m[35m (22.5ms)[0m  [1m[35mCREATE TABLE "schema_migrations" ("version" character varying PRIMARY KEY)[0m
  [1m[35m (4.9ms)[0m  [1m[35mCREATE TABLE "ar_internal_metadata" ("key" character varying PRIMARY KEY, "value" character varying, "created_at" timestamp NOT NULL, "updated_at" timestamp NOT NULL)[0m
  [1m[35m (0.2ms)[0m  [1m[34mSELECT pg_try_advisory_lock(7832531787896958555);[0m
  [1m[36mActiveRecord::SchemaMigration Load (0.4ms)[0m  [1m[34mSELECT "schema_migrations".* FROM "schema_migrations"[0m
Migrating to CreateGames (20180826095332)
  [1m[35m (1.9ms)[0m  [1m[35mBEGIN[0m
  [1m[35m (17.1ms)[0m  [1m[35mCREATE TABLE "games" ("id" serial primary key, "player_name" character varying, "score_info" json, "created_at" timestamp NOT NULL, "updated_at" timestamp NOT NULL)[0m
  [1m[35mSQL (2.0ms)[0m  [1m[32mINSERT INTO "schema_migrations" ("version") VALUES ($1) RETURNING "version"[0m  [["version", "20180826095332"]]
  [1m[35m (13.2ms)[0m  [1m[35mCOMMIT[0m
  [1m[36mActiveRecord::InternalMetadata Load (0.4ms)[0m  [1m[34mSELECT  "ar_internal_metadata".* FROM "ar_internal_metadata" WHERE "ar_internal_metadata"."key" = $1 LIMIT $2[0m  [["key", :environment], ["LIMIT", 1]]
  [1m[35m (0.2ms)[0m  [1m[35mBEGIN[0m
  [1m[35mSQL (1.9ms)[0m  [1m[32mINSERT INTO "ar_internal_metadata" ("key", "value", "created_at", "updated_at") VALUES ($1, $2, $3, $4) RETURNING "key"[0m  [["key", "environment"], ["value", "development"], ["created_at", 2018-08-26 10:04:37 UTC], ["updated_at", 2018-08-26 10:04:37 UTC]]
  [1m[35m (2.1ms)[0m  [1m[35mCOMMIT[0m
  [1m[35m (0.9ms)[0m  [1m[34mSELECT pg_advisory_unlock(7832531787896958555)[0m
  [1m[36mActiveRecord::SchemaMigration Load (0.4ms)[0m  [1m[34mSELECT "schema_migrations".* FROM "schema_migrations"[0m
  [1m[35m (2.6ms)[0m  [1m[34mSELECT t2.oid::regclass::text AS to_table, a1.attname AS column, a2.attname AS primary_key, c.conname AS name, c.confupdtype AS on_update, c.confdeltype AS on_delete
FROM pg_constraint c
JOIN pg_class t1 ON c.conrelid = t1.oid
JOIN pg_class t2 ON c.confrelid = t2.oid
JOIN pg_attribute a1 ON a1.attnum = c.conkey[1] AND a1.attrelid = t1.oid
JOIN pg_attribute a2 ON a2.attnum = c.confkey[1] AND a2.attrelid = t2.oid
JOIN pg_namespace t3 ON c.connamespace = t3.oid
WHERE c.contype = 'f'
  AND t1.relname = 'games'
  AND t3.nspname = ANY (current_schemas(false))
ORDER BY c.conname
[0m
Started GET "/documentation" for ::1 at 2018-08-26 18:06:26 +0800
DEPRECATION WARNING: ActiveRecord::Base.raise_in_transactional_callbacks= is deprecated, has no effect and will be removed without replacement. (called from raise_in_transactional_callbacks= at /Users/apple/.rbenv/versions/2.3.3/lib/ruby/gems/2.3.0/gems/activerecord-5.0.0/lib/active_record/transactions.rb:283)
  [1m[36mActiveRecord::SchemaMigration Load (0.5ms)[0m  [1m[34mSELECT "schema_migrations".* FROM "schema_migrations"[0m
DEPRECATION WARNING: before_filter is deprecated and will be removed in Rails 5.1. Use before_action instead. (called from block (2 levels) in <module:ClassMethods> at /Users/apple/.rbenv/versions/2.3.3/lib/ruby/gems/2.3.0/gems/actionpack-5.0.0/lib/abstract_controller/callbacks.rb:191)
Processing by GrapeSwaggerRails::ApplicationController#index as HTML
  Rendering /Users/apple/.rbenv/versions/2.3.3/lib/ruby/gems/2.3.0/gems/grape-swagger-rails-0.2.1/app/views/grape_swagger_rails/application/index.html.erb
  Rendered /Users/apple/.rbenv/versions/2.3.3/lib/ruby/gems/2.3.0/gems/grape-swagger-rails-0.2.1/app/views/grape_swagger_rails/application/index.html.erb (512.2ms)
Completed 200 OK in 555ms (Views: 535.4ms | ActiveRecord: 0.0ms)


Started GET "/assets/grape_swagger_rails/reset.self-24ac87cae6630f82c87b49d3f702ff2506240011a3fabd03befad0521945d839.css?body=1" for ::1 at 2018-08-26 18:06:28 +0800
Started GET "/assets/grape_swagger_rails/application.self-6768baecc7660d572236fe9189778738ff2e866ddf517e508f842299345dcc4b.css?body=1" for ::1 at 2018-08-26 18:06:28 +0800
Started GET "/assets/grape_swagger_rails/screen.self-00ff7982f69e4a7adb9a6f3072a589d7e1b3ab63e1dffdeeaaa4b83a7c1bbefb.css?body=1" for ::1 at 2018-08-26 18:06:28 +0800
Started GET "/api/v1/swagger_doc" for ::1 at 2018-08-26 18:06:29 +0800
Started GET "/assets/grape_swagger_rails/throbber-8ee91ceb10dcdf1c87635ff1a1ebe25818612fd9a07cb2dfca79928c3b86d9dc.gif" for ::1 at 2018-08-26 18:06:33 +0800
Started GET "/api/v1/games/list" for ::1 at 2018-08-26 18:06:34 +0800
  [1m[36mGame Load (3.0ms)[0m  [1m[34mSELECT "games".* FROM "games"[0m
DEPRECATION WARNING: ActiveRecord::Base.raise_in_transactional_callbacks= is deprecated, has no effect and will be removed without replacement. (called from require at /Users/apple/bowling_score/bin/rails:9)
  [1m[35m (0.2ms)[0m  [1m[34mSELECT pg_try_advisory_lock(7832531787896958555);[0m
  [1m[36mActiveRecord::SchemaMigration Load (0.6ms)[0m  [1m[34mSELECT "schema_migrations".* FROM "schema_migrations"[0m
  [1m[36mActiveRecord::InternalMetadata Load (8.1ms)[0m  [1m[34mSELECT  "ar_internal_metadata".* FROM "ar_internal_metadata" WHERE "ar_internal_metadata"."key" = $1 LIMIT $2[0m  [["key", :environment], ["LIMIT", 1]]
  [1m[35m (0.2ms)[0m  [1m[35mBEGIN[0m
  [1m[35m (0.2ms)[0m  [1m[35mCOMMIT[0m
  [1m[35m (0.3ms)[0m  [1m[34mSELECT pg_advisory_unlock(7832531787896958555)[0m
  [1m[36mActiveRecord::SchemaMigration Load (0.3ms)[0m  [1m[34mSELECT "schema_migrations".* FROM "schema_migrations"[0m
  [1m[35m (3.1ms)[0m  [1m[34mSELECT t2.oid::regclass::text AS to_table, a1.attname AS column, a2.attname AS primary_key, c.conname AS name, c.confupdtype AS on_update, c.confdeltype AS on_delete
FROM pg_constraint c
JOIN pg_class t1 ON c.conrelid = t1.oid
JOIN pg_class t2 ON c.confrelid = t2.oid
JOIN pg_attribute a1 ON a1.attnum = c.conkey[1] AND a1.attrelid = t1.oid
JOIN pg_attribute a2 ON a2.attnum = c.confkey[1] AND a2.attrelid = t2.oid
JOIN pg_namespace t3 ON c.connamespace = t3.oid
WHERE c.contype = 'f'
  AND t1.relname = 'games'
  AND t3.nspname = ANY (current_schemas(false))
ORDER BY c.conname
[0m
Started GET "/documentation" for ::1 at 2018-08-27 13:51:15 +0800
DEPRECATION WARNING: ActiveRecord::Base.raise_in_transactional_callbacks= is deprecated, has no effect and will be removed without replacement. (called from raise_in_transactional_callbacks= at /Users/apple/.rbenv/versions/2.3.3/lib/ruby/gems/2.3.0/gems/activerecord-5.0.0/lib/active_record/transactions.rb:283)
  [1m[36mActiveRecord::SchemaMigration Load (0.7ms)[0m  [1m[34mSELECT "schema_migrations".* FROM "schema_migrations"[0m
DEPRECATION WARNING: before_filter is deprecated and will be removed in Rails 5.1. Use before_action instead. (called from block (2 levels) in <module:ClassMethods> at /Users/apple/.rbenv/versions/2.3.3/lib/ruby/gems/2.3.0/gems/actionpack-5.0.0/lib/abstract_controller/callbacks.rb:191)
Processing by GrapeSwaggerRails::ApplicationController#index as HTML
  Rendering /Users/apple/.rbenv/versions/2.3.3/lib/ruby/gems/2.3.0/gems/grape-swagger-rails-0.2.1/app/views/grape_swagger_rails/application/index.html.erb
  Rendered /Users/apple/.rbenv/versions/2.3.3/lib/ruby/gems/2.3.0/gems/grape-swagger-rails-0.2.1/app/views/grape_swagger_rails/application/index.html.erb (468.0ms)
Completed 200 OK in 514ms (Views: 492.9ms | ActiveRecord: 0.0ms)


Started GET "/api/v1/swagger_doc" for ::1 at 2018-08-27 13:51:16 +0800
Started GET "/api/v1/games/list" for ::1 at 2018-08-27 13:51:22 +0800
  [1m[36mGame Load (0.7ms)[0m  [1m[34mSELECT "games".* FROM "games"[0m
